<html>
<head>
<title>TestNG:  EmployeesRestAPITest</title>
<link href="../testng.css" rel="stylesheet" type="text/css" />
<link href="../my-testng.css" rel="stylesheet" type="text/css" />

<style type="text/css">
.log { display: none;} 
.stack-trace { display: none;} 
</style>
<script type="text/javascript">
<!--
function flip(e) {
  current = e.style.display;
  if (current == 'block') {
    e.style.display = 'none';
    return 0;
  }
  else {
    e.style.display = 'block';
    return 1;
  }
}

function toggleBox(szDivId, elem, msg1, msg2)
{
  var res = -1;  if (document.getElementById) {
    res = flip(document.getElementById(szDivId));
  }
  else if (document.all) {
    // this is the way old msie versions work
    res = flip(document.all[szDivId]);
  }
  if(elem) {
    if(res == 0) elem.innerHTML = msg1; else elem.innerHTML = msg2;
  }

}

function toggleAllBoxes() {
  if (document.getElementsByTagName) {
    d = document.getElementsByTagName('div');
    for (i = 0; i < d.length; i++) {
      if (d[i].className == 'log') {
        flip(d[i]);
      }
    }
  }
}

// -->
</script>

</head>
<body>
<h2 align='center'>EmployeesRestAPITest</h2><table border='1' align="center">
<tr>
<td>Tests passed/Failed/Skipped:</td><td>27/7/0</td>
</tr><tr>
<td>Started on:</td><td>Wed Sep 04 19:46:05 IST 2019</td>
</tr>
<tr><td>Total time:</td><td>37 seconds (37977 ms)</td>
</tr><tr>
<td>Included groups:</td><td></td>
</tr><tr>
<td>Excluded groups:</td><td></td>
</tr>
</table><p/>
<small><i>(Hover the method name to see the test class name)</i></small><p/>
<table width='100%' border='1' class='invocation-failed'>
<tr><td colspan='4' align='center'><b>FAILED TESTS</b></td></tr>
<tr><td><b>Test method</b></td>
<td width="30%"><b>Exception</b></td>
<td width="10%"><b>Time (seconds)</b></td>
<td><b>Instance</b></td>
</tr>
<tr>
<td title='testcases.TC003_Post_Employee_Record.checkcontentEncoding()'><b>checkcontentEncoding</b><br>Test class: testcases.TC003_Post_Employee_Record</td>
<td><div><pre>java.lang.AssertionError: expected [gzip] but found [null]
	at testcases.TC003_Post_Employee_Record.checkcontentEncoding(TC003_Post_Employee_Record.java:109)
... Removed 31 stack frames</pre></div><a href='#' onClick='toggleBox("stack-trace2052223881", this, "Click to show all stack frames", "Click to hide stack frames")'>Click to show all stack frames</a>
<div class='stack-trace' id='stack-trace2052223881'><pre>java.lang.AssertionError: expected [gzip] but found [null]
	at org.testng.Assert.fail(Assert.java:94)
	at org.testng.Assert.failNotEquals(Assert.java:513)
	at org.testng.Assert.assertEqualsImpl(Assert.java:130)
	at org.testng.Assert.assertEquals(Assert.java:116)
	at org.testng.Assert.assertEquals(Assert.java:190)
	at org.testng.Assert.assertEquals(Assert.java:200)
	at testcases.TC003_Post_Employee_Record.checkcontentEncoding(TC003_Post_Employee_Record.java:109)
	at sun.reflect.NativeMethodAccessorImpl.invoke0(Native Method)
	at sun.reflect.NativeMethodAccessorImpl.invoke(Unknown Source)
	at sun.reflect.DelegatingMethodAccessorImpl.invoke(Unknown Source)
	at java.lang.reflect.Method.invoke(Unknown Source)
	at org.testng.internal.MethodInvocationHelper.invokeMethod(MethodInvocationHelper.java:100)
	at org.testng.internal.Invoker.invokeMethod(Invoker.java:646)
	at org.testng.internal.Invoker.invokeTestMethod(Invoker.java:811)
	at org.testng.internal.Invoker.invokeTestMethods(Invoker.java:1137)
	at org.testng.internal.TestMethodWorker.invokeTestMethods(TestMethodWorker.java:129)
	at org.testng.internal.TestMethodWorker.run(TestMethodWorker.java:112)
	at org.testng.TestRunner.privateRun(TestRunner.java:753)
	at org.testng.TestRunner.run(TestRunner.java:607)
	at org.testng.SuiteRunner.runTest(SuiteRunner.java:368)
	at org.testng.SuiteRunner.runSequentially(SuiteRunner.java:363)
	at org.testng.SuiteRunner.privateRun(SuiteRunner.java:321)
	at org.testng.SuiteRunner.run(SuiteRunner.java:270)
	at org.testng.SuiteRunnerWorker.runSuite(SuiteRunnerWorker.java:52)
	at org.testng.SuiteRunnerWorker.run(SuiteRunnerWorker.java:86)
	at org.testng.TestNG.runSuitesSequentially(TestNG.java:1284)
	at org.testng.TestNG.runSuitesLocally(TestNG.java:1209)
	at org.testng.TestNG.runSuites(TestNG.java:1124)
	at org.testng.TestNG.run(TestNG.java:1096)
	at org.testng.remote.AbstractRemoteTestNG.run(AbstractRemoteTestNG.java:132)
	at org.testng.remote.RemoteTestNG.initAndRun(RemoteTestNG.java:236)
	at org.testng.remote.RemoteTestNG.main(RemoteTestNG.java:81)
</pre></div></td>
<td>0</td>
<td>testcases.TC003_Post_Employee_Record@27efef64</td></tr>
<tr>
<td title='testcases.TC004_Put_Employee_Record.checkcontentEncoding()'><b>checkcontentEncoding</b><br>Test class: testcases.TC004_Put_Employee_Record</td>
<td><div><pre>java.lang.AssertionError: expected [gzip] but found [null]
	at testcases.TC004_Put_Employee_Record.checkcontentEncoding(TC004_Put_Employee_Record.java:108)
... Removed 31 stack frames</pre></div><a href='#' onClick='toggleBox("stack-trace173738886", this, "Click to show all stack frames", "Click to hide stack frames")'>Click to show all stack frames</a>
<div class='stack-trace' id='stack-trace173738886'><pre>java.lang.AssertionError: expected [gzip] but found [null]
	at org.testng.Assert.fail(Assert.java:94)
	at org.testng.Assert.failNotEquals(Assert.java:513)
	at org.testng.Assert.assertEqualsImpl(Assert.java:130)
	at org.testng.Assert.assertEquals(Assert.java:116)
	at org.testng.Assert.assertEquals(Assert.java:190)
	at org.testng.Assert.assertEquals(Assert.java:200)
	at testcases.TC004_Put_Employee_Record.checkcontentEncoding(TC004_Put_Employee_Record.java:108)
	at sun.reflect.NativeMethodAccessorImpl.invoke0(Native Method)
	at sun.reflect.NativeMethodAccessorImpl.invoke(Unknown Source)
	at sun.reflect.DelegatingMethodAccessorImpl.invoke(Unknown Source)
	at java.lang.reflect.Method.invoke(Unknown Source)
	at org.testng.internal.MethodInvocationHelper.invokeMethod(MethodInvocationHelper.java:100)
	at org.testng.internal.Invoker.invokeMethod(Invoker.java:646)
	at org.testng.internal.Invoker.invokeTestMethod(Invoker.java:811)
	at org.testng.internal.Invoker.invokeTestMethods(Invoker.java:1137)
	at org.testng.internal.TestMethodWorker.invokeTestMethods(TestMethodWorker.java:129)
	at org.testng.internal.TestMethodWorker.run(TestMethodWorker.java:112)
	at org.testng.TestRunner.privateRun(TestRunner.java:753)
	at org.testng.TestRunner.run(TestRunner.java:607)
	at org.testng.SuiteRunner.runTest(SuiteRunner.java:368)
	at org.testng.SuiteRunner.runSequentially(SuiteRunner.java:363)
	at org.testng.SuiteRunner.privateRun(SuiteRunner.java:321)
	at org.testng.SuiteRunner.run(SuiteRunner.java:270)
	at org.testng.SuiteRunnerWorker.runSuite(SuiteRunnerWorker.java:52)
	at org.testng.SuiteRunnerWorker.run(SuiteRunnerWorker.java:86)
	at org.testng.TestNG.runSuitesSequentially(TestNG.java:1284)
	at org.testng.TestNG.runSuitesLocally(TestNG.java:1209)
	at org.testng.TestNG.runSuites(TestNG.java:1124)
	at org.testng.TestNG.run(TestNG.java:1096)
	at org.testng.remote.AbstractRemoteTestNG.run(AbstractRemoteTestNG.java:132)
	at org.testng.remote.RemoteTestNG.initAndRun(RemoteTestNG.java:236)
	at org.testng.remote.RemoteTestNG.main(RemoteTestNG.java:81)
</pre></div></td>
<td>0</td>
<td>testcases.TC004_Put_Employee_Record@6f7fd0e6</td></tr>
<tr>
<td title='testcases.TC005_Delete_Employee_Record.checkcontentEncoding()'><b>checkcontentEncoding</b><br>Test class: testcases.TC005_Delete_Employee_Record</td>
<td><div><pre>java.lang.AssertionError: expected [gzip] but found [null]
	at testcases.TC005_Delete_Employee_Record.checkcontentEncoding(TC005_Delete_Employee_Record.java:96)
... Removed 31 stack frames</pre></div><a href='#' onClick='toggleBox("stack-trace948395645", this, "Click to show all stack frames", "Click to hide stack frames")'>Click to show all stack frames</a>
<div class='stack-trace' id='stack-trace948395645'><pre>java.lang.AssertionError: expected [gzip] but found [null]
	at org.testng.Assert.fail(Assert.java:94)
	at org.testng.Assert.failNotEquals(Assert.java:513)
	at org.testng.Assert.assertEqualsImpl(Assert.java:130)
	at org.testng.Assert.assertEquals(Assert.java:116)
	at org.testng.Assert.assertEquals(Assert.java:190)
	at org.testng.Assert.assertEquals(Assert.java:200)
	at testcases.TC005_Delete_Employee_Record.checkcontentEncoding(TC005_Delete_Employee_Record.java:96)
	at sun.reflect.NativeMethodAccessorImpl.invoke0(Native Method)
	at sun.reflect.NativeMethodAccessorImpl.invoke(Unknown Source)
	at sun.reflect.DelegatingMethodAccessorImpl.invoke(Unknown Source)
	at java.lang.reflect.Method.invoke(Unknown Source)
	at org.testng.internal.MethodInvocationHelper.invokeMethod(MethodInvocationHelper.java:100)
	at org.testng.internal.Invoker.invokeMethod(Invoker.java:646)
	at org.testng.internal.Invoker.invokeTestMethod(Invoker.java:811)
	at org.testng.internal.Invoker.invokeTestMethods(Invoker.java:1137)
	at org.testng.internal.TestMethodWorker.invokeTestMethods(TestMethodWorker.java:129)
	at org.testng.internal.TestMethodWorker.run(TestMethodWorker.java:112)
	at org.testng.TestRunner.privateRun(TestRunner.java:753)
	at org.testng.TestRunner.run(TestRunner.java:607)
	at org.testng.SuiteRunner.runTest(SuiteRunner.java:368)
	at org.testng.SuiteRunner.runSequentially(SuiteRunner.java:363)
	at org.testng.SuiteRunner.privateRun(SuiteRunner.java:321)
	at org.testng.SuiteRunner.run(SuiteRunner.java:270)
	at org.testng.SuiteRunnerWorker.runSuite(SuiteRunnerWorker.java:52)
	at org.testng.SuiteRunnerWorker.run(SuiteRunnerWorker.java:86)
	at org.testng.TestNG.runSuitesSequentially(TestNG.java:1284)
	at org.testng.TestNG.runSuitesLocally(TestNG.java:1209)
	at org.testng.TestNG.runSuites(TestNG.java:1124)
	at org.testng.TestNG.run(TestNG.java:1096)
	at org.testng.remote.AbstractRemoteTestNG.run(AbstractRemoteTestNG.java:132)
	at org.testng.remote.RemoteTestNG.initAndRun(RemoteTestNG.java:236)
	at org.testng.remote.RemoteTestNG.main(RemoteTestNG.java:81)
</pre></div></td>
<td>0</td>
<td>testcases.TC005_Delete_Employee_Record@47c62251</td></tr>
<tr>
<td title='testcases.TC003_Post_Employee_Record.checkserverType()'><b>checkserverType</b><br>Test class: testcases.TC003_Post_Employee_Record</td>
<td><div><pre>java.lang.AssertionError: expected [nginx/1.14.1] but found [Apache]
	at testcases.TC003_Post_Employee_Record.checkserverType(TC003_Post_Employee_Record.java:102)
... Removed 31 stack frames</pre></div><a href='#' onClick='toggleBox("stack-trace628392976", this, "Click to show all stack frames", "Click to hide stack frames")'>Click to show all stack frames</a>
<div class='stack-trace' id='stack-trace628392976'><pre>java.lang.AssertionError: expected [nginx/1.14.1] but found [Apache]
	at org.testng.Assert.fail(Assert.java:94)
	at org.testng.Assert.failNotEquals(Assert.java:513)
	at org.testng.Assert.assertEqualsImpl(Assert.java:135)
	at org.testng.Assert.assertEquals(Assert.java:116)
	at org.testng.Assert.assertEquals(Assert.java:190)
	at org.testng.Assert.assertEquals(Assert.java:200)
	at testcases.TC003_Post_Employee_Record.checkserverType(TC003_Post_Employee_Record.java:102)
	at sun.reflect.NativeMethodAccessorImpl.invoke0(Native Method)
	at sun.reflect.NativeMethodAccessorImpl.invoke(Unknown Source)
	at sun.reflect.DelegatingMethodAccessorImpl.invoke(Unknown Source)
	at java.lang.reflect.Method.invoke(Unknown Source)
	at org.testng.internal.MethodInvocationHelper.invokeMethod(MethodInvocationHelper.java:100)
	at org.testng.internal.Invoker.invokeMethod(Invoker.java:646)
	at org.testng.internal.Invoker.invokeTestMethod(Invoker.java:811)
	at org.testng.internal.Invoker.invokeTestMethods(Invoker.java:1137)
	at org.testng.internal.TestMethodWorker.invokeTestMethods(TestMethodWorker.java:129)
	at org.testng.internal.TestMethodWorker.run(TestMethodWorker.java:112)
	at org.testng.TestRunner.privateRun(TestRunner.java:753)
	at org.testng.TestRunner.run(TestRunner.java:607)
	at org.testng.SuiteRunner.runTest(SuiteRunner.java:368)
	at org.testng.SuiteRunner.runSequentially(SuiteRunner.java:363)
	at org.testng.SuiteRunner.privateRun(SuiteRunner.java:321)
	at org.testng.SuiteRunner.run(SuiteRunner.java:270)
	at org.testng.SuiteRunnerWorker.runSuite(SuiteRunnerWorker.java:52)
	at org.testng.SuiteRunnerWorker.run(SuiteRunnerWorker.java:86)
	at org.testng.TestNG.runSuitesSequentially(TestNG.java:1284)
	at org.testng.TestNG.runSuitesLocally(TestNG.java:1209)
	at org.testng.TestNG.runSuites(TestNG.java:1124)
	at org.testng.TestNG.run(TestNG.java:1096)
	at org.testng.remote.AbstractRemoteTestNG.run(AbstractRemoteTestNG.java:132)
	at org.testng.remote.RemoteTestNG.initAndRun(RemoteTestNG.java:236)
	at org.testng.remote.RemoteTestNG.main(RemoteTestNG.java:81)
</pre></div></td>
<td>0</td>
<td>testcases.TC003_Post_Employee_Record@27efef64</td></tr>
<tr>
<td title='testcases.TC004_Put_Employee_Record.checkserverType()'><b>checkserverType</b><br>Test class: testcases.TC004_Put_Employee_Record</td>
<td><div><pre>java.lang.AssertionError: expected [nginx/1.14.1] but found [Apache]
	at testcases.TC004_Put_Employee_Record.checkserverType(TC004_Put_Employee_Record.java:101)
... Removed 31 stack frames</pre></div><a href='#' onClick='toggleBox("stack-trace2029754983", this, "Click to show all stack frames", "Click to hide stack frames")'>Click to show all stack frames</a>
<div class='stack-trace' id='stack-trace2029754983'><pre>java.lang.AssertionError: expected [nginx/1.14.1] but found [Apache]
	at org.testng.Assert.fail(Assert.java:94)
	at org.testng.Assert.failNotEquals(Assert.java:513)
	at org.testng.Assert.assertEqualsImpl(Assert.java:135)
	at org.testng.Assert.assertEquals(Assert.java:116)
	at org.testng.Assert.assertEquals(Assert.java:190)
	at org.testng.Assert.assertEquals(Assert.java:200)
	at testcases.TC004_Put_Employee_Record.checkserverType(TC004_Put_Employee_Record.java:101)
	at sun.reflect.NativeMethodAccessorImpl.invoke0(Native Method)
	at sun.reflect.NativeMethodAccessorImpl.invoke(Unknown Source)
	at sun.reflect.DelegatingMethodAccessorImpl.invoke(Unknown Source)
	at java.lang.reflect.Method.invoke(Unknown Source)
	at org.testng.internal.MethodInvocationHelper.invokeMethod(MethodInvocationHelper.java:100)
	at org.testng.internal.Invoker.invokeMethod(Invoker.java:646)
	at org.testng.internal.Invoker.invokeTestMethod(Invoker.java:811)
	at org.testng.internal.Invoker.invokeTestMethods(Invoker.java:1137)
	at org.testng.internal.TestMethodWorker.invokeTestMethods(TestMethodWorker.java:129)
	at org.testng.internal.TestMethodWorker.run(TestMethodWorker.java:112)
	at org.testng.TestRunner.privateRun(TestRunner.java:753)
	at org.testng.TestRunner.run(TestRunner.java:607)
	at org.testng.SuiteRunner.runTest(SuiteRunner.java:368)
	at org.testng.SuiteRunner.runSequentially(SuiteRunner.java:363)
	at org.testng.SuiteRunner.privateRun(SuiteRunner.java:321)
	at org.testng.SuiteRunner.run(SuiteRunner.java:270)
	at org.testng.SuiteRunnerWorker.runSuite(SuiteRunnerWorker.java:52)
	at org.testng.SuiteRunnerWorker.run(SuiteRunnerWorker.java:86)
	at org.testng.TestNG.runSuitesSequentially(TestNG.java:1284)
	at org.testng.TestNG.runSuitesLocally(TestNG.java:1209)
	at org.testng.TestNG.runSuites(TestNG.java:1124)
	at org.testng.TestNG.run(TestNG.java:1096)
	at org.testng.remote.AbstractRemoteTestNG.run(AbstractRemoteTestNG.java:132)
	at org.testng.remote.RemoteTestNG.initAndRun(RemoteTestNG.java:236)
	at org.testng.remote.RemoteTestNG.main(RemoteTestNG.java:81)
</pre></div></td>
<td>0</td>
<td>testcases.TC004_Put_Employee_Record@6f7fd0e6</td></tr>
<tr>
<td title='testcases.TC005_Delete_Employee_Record.checkserverType()'><b>checkserverType</b><br>Test class: testcases.TC005_Delete_Employee_Record</td>
<td><div><pre>java.lang.AssertionError: expected [nginx/1.14.1] but found [Apache]
	at testcases.TC005_Delete_Employee_Record.checkserverType(TC005_Delete_Employee_Record.java:89)
... Removed 31 stack frames</pre></div><a href='#' onClick='toggleBox("stack-trace226586078", this, "Click to show all stack frames", "Click to hide stack frames")'>Click to show all stack frames</a>
<div class='stack-trace' id='stack-trace226586078'><pre>java.lang.AssertionError: expected [nginx/1.14.1] but found [Apache]
	at org.testng.Assert.fail(Assert.java:94)
	at org.testng.Assert.failNotEquals(Assert.java:513)
	at org.testng.Assert.assertEqualsImpl(Assert.java:135)
	at org.testng.Assert.assertEquals(Assert.java:116)
	at org.testng.Assert.assertEquals(Assert.java:190)
	at org.testng.Assert.assertEquals(Assert.java:200)
	at testcases.TC005_Delete_Employee_Record.checkserverType(TC005_Delete_Employee_Record.java:89)
	at sun.reflect.NativeMethodAccessorImpl.invoke0(Native Method)
	at sun.reflect.NativeMethodAccessorImpl.invoke(Unknown Source)
	at sun.reflect.DelegatingMethodAccessorImpl.invoke(Unknown Source)
	at java.lang.reflect.Method.invoke(Unknown Source)
	at org.testng.internal.MethodInvocationHelper.invokeMethod(MethodInvocationHelper.java:100)
	at org.testng.internal.Invoker.invokeMethod(Invoker.java:646)
	at org.testng.internal.Invoker.invokeTestMethod(Invoker.java:811)
	at org.testng.internal.Invoker.invokeTestMethods(Invoker.java:1137)
	at org.testng.internal.TestMethodWorker.invokeTestMethods(TestMethodWorker.java:129)
	at org.testng.internal.TestMethodWorker.run(TestMethodWorker.java:112)
	at org.testng.TestRunner.privateRun(TestRunner.java:753)
	at org.testng.TestRunner.run(TestRunner.java:607)
	at org.testng.SuiteRunner.runTest(SuiteRunner.java:368)
	at org.testng.SuiteRunner.runSequentially(SuiteRunner.java:363)
	at org.testng.SuiteRunner.privateRun(SuiteRunner.java:321)
	at org.testng.SuiteRunner.run(SuiteRunner.java:270)
	at org.testng.SuiteRunnerWorker.runSuite(SuiteRunnerWorker.java:52)
	at org.testng.SuiteRunnerWorker.run(SuiteRunnerWorker.java:86)
	at org.testng.TestNG.runSuitesSequentially(TestNG.java:1284)
	at org.testng.TestNG.runSuitesLocally(TestNG.java:1209)
	at org.testng.TestNG.runSuites(TestNG.java:1124)
	at org.testng.TestNG.run(TestNG.java:1096)
	at org.testng.remote.AbstractRemoteTestNG.run(AbstractRemoteTestNG.java:132)
	at org.testng.remote.RemoteTestNG.initAndRun(RemoteTestNG.java:236)
	at org.testng.remote.RemoteTestNG.main(RemoteTestNG.java:81)
</pre></div></td>
<td>0</td>
<td>testcases.TC005_Delete_Employee_Record@47c62251</td></tr>
<tr>
<td title='testcases.TC002_Get_Single_Employee_Record.checkserverType()'><b>checkserverType</b><br>Test class: testcases.TC002_Get_Single_Employee_Record</td>
<td><div><pre>java.lang.AssertionError: expected [nginx/1.14.1] but found [Apache]
	at testcases.TC002_Get_Single_Employee_Record.checkserverType(TC002_Get_Single_Employee_Record.java:84)
... Removed 31 stack frames</pre></div><a href='#' onClick='toggleBox("stack-trace248487859", this, "Click to show all stack frames", "Click to hide stack frames")'>Click to show all stack frames</a>
<div class='stack-trace' id='stack-trace248487859'><pre>java.lang.AssertionError: expected [nginx/1.14.1] but found [Apache]
	at org.testng.Assert.fail(Assert.java:94)
	at org.testng.Assert.failNotEquals(Assert.java:513)
	at org.testng.Assert.assertEqualsImpl(Assert.java:135)
	at org.testng.Assert.assertEquals(Assert.java:116)
	at org.testng.Assert.assertEquals(Assert.java:190)
	at org.testng.Assert.assertEquals(Assert.java:200)
	at testcases.TC002_Get_Single_Employee_Record.checkserverType(TC002_Get_Single_Employee_Record.java:84)
	at sun.reflect.NativeMethodAccessorImpl.invoke0(Native Method)
	at sun.reflect.NativeMethodAccessorImpl.invoke(Unknown Source)
	at sun.reflect.DelegatingMethodAccessorImpl.invoke(Unknown Source)
	at java.lang.reflect.Method.invoke(Unknown Source)
	at org.testng.internal.MethodInvocationHelper.invokeMethod(MethodInvocationHelper.java:100)
	at org.testng.internal.Invoker.invokeMethod(Invoker.java:646)
	at org.testng.internal.Invoker.invokeTestMethod(Invoker.java:811)
	at org.testng.internal.Invoker.invokeTestMethods(Invoker.java:1137)
	at org.testng.internal.TestMethodWorker.invokeTestMethods(TestMethodWorker.java:129)
	at org.testng.internal.TestMethodWorker.run(TestMethodWorker.java:112)
	at org.testng.TestRunner.privateRun(TestRunner.java:753)
	at org.testng.TestRunner.run(TestRunner.java:607)
	at org.testng.SuiteRunner.runTest(SuiteRunner.java:368)
	at org.testng.SuiteRunner.runSequentially(SuiteRunner.java:363)
	at org.testng.SuiteRunner.privateRun(SuiteRunner.java:321)
	at org.testng.SuiteRunner.run(SuiteRunner.java:270)
	at org.testng.SuiteRunnerWorker.runSuite(SuiteRunnerWorker.java:52)
	at org.testng.SuiteRunnerWorker.run(SuiteRunnerWorker.java:86)
	at org.testng.TestNG.runSuitesSequentially(TestNG.java:1284)
	at org.testng.TestNG.runSuitesLocally(TestNG.java:1209)
	at org.testng.TestNG.runSuites(TestNG.java:1124)
	at org.testng.TestNG.run(TestNG.java:1096)
	at org.testng.remote.AbstractRemoteTestNG.run(AbstractRemoteTestNG.java:132)
	at org.testng.remote.RemoteTestNG.initAndRun(RemoteTestNG.java:236)
	at org.testng.remote.RemoteTestNG.main(RemoteTestNG.java:81)
</pre></div></td>
<td>0</td>
<td>testcases.TC002_Get_Single_Employee_Record@66a3ffec</td></tr>
</table><p>
<table width='100%' border='1' class='invocation-passed'>
<tr><td colspan='4' align='center'><b>PASSED TESTS</b></td></tr>
<tr><td><b>Test method</b></td>
<td width="30%"><b>Exception</b></td>
<td width="10%"><b>Time (seconds)</b></td>
<td><b>Instance</b></td>
</tr>
<tr>
<td title='testcases.TC001_Get_All_Employees.checkContentLenght()'><b>checkContentLenght</b><br>Test class: testcases.TC001_Get_All_Employees</td>
<td></td>
<td>0</td>
<td>testcases.TC001_Get_All_Employees@3e6fa38a</td></tr>
<tr>
<td title='testcases.TC002_Get_Single_Employee_Record.checkContentLenght()'><b>checkContentLenght</b><br>Test class: testcases.TC002_Get_Single_Employee_Record</td>
<td></td>
<td>0</td>
<td>testcases.TC002_Get_Single_Employee_Record@66a3ffec</td></tr>
<tr>
<td title='testcases.TC003_Post_Employee_Record.checkContentType()'><b>checkContentType</b><br>Test class: testcases.TC003_Post_Employee_Record</td>
<td></td>
<td>0</td>
<td>testcases.TC003_Post_Employee_Record@27efef64</td></tr>
<tr>
<td title='testcases.TC004_Put_Employee_Record.checkContentType()'><b>checkContentType</b><br>Test class: testcases.TC004_Put_Employee_Record</td>
<td></td>
<td>0</td>
<td>testcases.TC004_Put_Employee_Record@6f7fd0e6</td></tr>
<tr>
<td title='testcases.TC005_Delete_Employee_Record.checkContentType()'><b>checkContentType</b><br>Test class: testcases.TC005_Delete_Employee_Record</td>
<td></td>
<td>0</td>
<td>testcases.TC005_Delete_Employee_Record@47c62251</td></tr>
<tr>
<td title='testcases.TC001_Get_All_Employees.checkContentType()'><b>checkContentType</b><br>Test class: testcases.TC001_Get_All_Employees</td>
<td></td>
<td>0</td>
<td>testcases.TC001_Get_All_Employees@3e6fa38a</td></tr>
<tr>
<td title='testcases.TC002_Get_Single_Employee_Record.checkContentType()'><b>checkContentType</b><br>Test class: testcases.TC002_Get_Single_Employee_Record</td>
<td></td>
<td>0</td>
<td>testcases.TC002_Get_Single_Employee_Record@66a3ffec</td></tr>
<tr>
<td title='testcases.TC001_Get_All_Employees.checkCookies()'><b>checkCookies</b><br>Test class: testcases.TC001_Get_All_Employees</td>
<td></td>
<td>0</td>
<td>testcases.TC001_Get_All_Employees@3e6fa38a</td></tr>
<tr>
<td title='testcases.TC001_Get_All_Employees.checkResponseTime()'><b>checkResponseTime</b><br>Test class: testcases.TC001_Get_All_Employees</td>
<td></td>
<td>0</td>
<td>testcases.TC001_Get_All_Employees@3e6fa38a</td></tr>
<tr>
<td title='testcases.TC002_Get_Single_Employee_Record.checkResponseTime()'><b>checkResponseTime</b><br>Test class: testcases.TC002_Get_Single_Employee_Record</td>
<td></td>
<td>0</td>
<td>testcases.TC002_Get_Single_Employee_Record@66a3ffec</td></tr>
<tr>
<td title='testcases.TC003_Post_Employee_Record.checkResposeBody()'><b>checkResposeBody</b><br>Test class: testcases.TC003_Post_Employee_Record</td>
<td></td>
<td>0</td>
<td>testcases.TC003_Post_Employee_Record@27efef64</td></tr>
<tr>
<td title='testcases.TC004_Put_Employee_Record.checkResposeBody()'><b>checkResposeBody</b><br>Test class: testcases.TC004_Put_Employee_Record</td>
<td></td>
<td>0</td>
<td>testcases.TC004_Put_Employee_Record@6f7fd0e6</td></tr>
<tr>
<td title='testcases.TC005_Delete_Employee_Record.checkResposeBody()'><b>checkResposeBody</b><br>Test class: testcases.TC005_Delete_Employee_Record</td>
<td></td>
<td>0</td>
<td>testcases.TC005_Delete_Employee_Record@47c62251</td></tr>
<tr>
<td title='testcases.TC001_Get_All_Employees.checkResposeBody()'><b>checkResposeBody</b><br>Test class: testcases.TC001_Get_All_Employees</td>
<td></td>
<td>0</td>
<td>testcases.TC001_Get_All_Employees@3e6fa38a</td></tr>
<tr>
<td title='testcases.TC002_Get_Single_Employee_Record.checkResposeBody()'><b>checkResposeBody</b><br>Test class: testcases.TC002_Get_Single_Employee_Record</td>
<td></td>
<td>0</td>
<td>testcases.TC002_Get_Single_Employee_Record@66a3ffec</td></tr>
<tr>
<td title='testcases.TC003_Post_Employee_Record.checkStatusCode()'><b>checkStatusCode</b><br>Test class: testcases.TC003_Post_Employee_Record</td>
<td></td>
<td>0</td>
<td>testcases.TC003_Post_Employee_Record@27efef64</td></tr>
<tr>
<td title='testcases.TC004_Put_Employee_Record.checkStatusCode()'><b>checkStatusCode</b><br>Test class: testcases.TC004_Put_Employee_Record</td>
<td></td>
<td>0</td>
<td>testcases.TC004_Put_Employee_Record@6f7fd0e6</td></tr>
<tr>
<td title='testcases.TC005_Delete_Employee_Record.checkStatusCode()'><b>checkStatusCode</b><br>Test class: testcases.TC005_Delete_Employee_Record</td>
<td></td>
<td>0</td>
<td>testcases.TC005_Delete_Employee_Record@47c62251</td></tr>
<tr>
<td title='testcases.TC001_Get_All_Employees.checkStatusCode()'><b>checkStatusCode</b><br>Test class: testcases.TC001_Get_All_Employees</td>
<td></td>
<td>0</td>
<td>testcases.TC001_Get_All_Employees@3e6fa38a</td></tr>
<tr>
<td title='testcases.TC002_Get_Single_Employee_Record.checkStatusCode()'><b>checkStatusCode</b><br>Test class: testcases.TC002_Get_Single_Employee_Record</td>
<td></td>
<td>0</td>
<td>testcases.TC002_Get_Single_Employee_Record@66a3ffec</td></tr>
<tr>
<td title='testcases.TC001_Get_All_Employees.checkcontentEncoding()'><b>checkcontentEncoding</b><br>Test class: testcases.TC001_Get_All_Employees</td>
<td></td>
<td>0</td>
<td>testcases.TC001_Get_All_Employees@3e6fa38a</td></tr>
<tr>
<td title='testcases.TC001_Get_All_Employees.checkserverType()'><b>checkserverType</b><br>Test class: testcases.TC001_Get_All_Employees</td>
<td></td>
<td>0</td>
<td>testcases.TC001_Get_All_Employees@3e6fa38a</td></tr>
<tr>
<td title='testcases.TC003_Post_Employee_Record.checkstatusLine()'><b>checkstatusLine</b><br>Test class: testcases.TC003_Post_Employee_Record</td>
<td></td>
<td>0</td>
<td>testcases.TC003_Post_Employee_Record@27efef64</td></tr>
<tr>
<td title='testcases.TC004_Put_Employee_Record.checkstatusLine()'><b>checkstatusLine</b><br>Test class: testcases.TC004_Put_Employee_Record</td>
<td></td>
<td>0</td>
<td>testcases.TC004_Put_Employee_Record@6f7fd0e6</td></tr>
<tr>
<td title='testcases.TC005_Delete_Employee_Record.checkstatusLine()'><b>checkstatusLine</b><br>Test class: testcases.TC005_Delete_Employee_Record</td>
<td></td>
<td>0</td>
<td>testcases.TC005_Delete_Employee_Record@47c62251</td></tr>
<tr>
<td title='testcases.TC001_Get_All_Employees.checkstatusLine()'><b>checkstatusLine</b><br>Test class: testcases.TC001_Get_All_Employees</td>
<td></td>
<td>0</td>
<td>testcases.TC001_Get_All_Employees@3e6fa38a</td></tr>
<tr>
<td title='testcases.TC002_Get_Single_Employee_Record.checkstatusLine()'><b>checkstatusLine</b><br>Test class: testcases.TC002_Get_Single_Employee_Record</td>
<td></td>
<td>0</td>
<td>testcases.TC002_Get_Single_Employee_Record@66a3ffec</td></tr>
</table><p>
</body>
</html>