<?xml version="1.0" encoding="UTF-8"?>
<testng-results skipped="0" failed="1" total="6" passed="5">
  <reporter-output>
  </reporter-output>
  <suite name="Default suite" duration-ms="11167" started-at="2019-09-04T14:24:33Z" finished-at="2019-09-04T14:24:44Z">
    <groups>
    </groups>
    <test name="Default test" duration-ms="11167" started-at="2019-09-04T14:24:33Z" finished-at="2019-09-04T14:24:44Z">
      <class name="testcases.TC005_Delete_Employee_Record">
        <test-method status="PASS" signature="setup()[pri:0, instance:testcases.TC005_Delete_Employee_Record@4501b7af]" name="setup" is-config="true" duration-ms="206" started-at="2019-09-04T19:54:33Z" finished-at="2019-09-04T19:54:33Z">
          <reporter-output>
          </reporter-output>
        </test-method> <!-- setup -->
        <test-method status="PASS" signature="deleteEmployee()[pri:0, instance:testcases.TC005_Delete_Employee_Record@4501b7af]" name="deleteEmployee" is-config="true" duration-ms="10847" started-at="2019-09-04T19:54:33Z" finished-at="2019-09-04T19:54:44Z">
          <reporter-output>
          </reporter-output>
        </test-method> <!-- deleteEmployee -->
        <test-method status="PASS" signature="checkContentType()[pri:0, instance:testcases.TC005_Delete_Employee_Record@4501b7af]" name="checkContentType" duration-ms="17" started-at="2019-09-04T19:54:44Z" finished-at="2019-09-04T19:54:44Z">
          <reporter-output>
          </reporter-output>
        </test-method> <!-- checkContentType -->
        <test-method status="PASS" signature="checkResposeBody()[pri:0, instance:testcases.TC005_Delete_Employee_Record@4501b7af]" name="checkResposeBody" duration-ms="7" started-at="2019-09-04T19:54:44Z" finished-at="2019-09-04T19:54:44Z">
          <reporter-output>
          </reporter-output>
        </test-method> <!-- checkResposeBody -->
        <test-method status="PASS" signature="checkStatusCode()[pri:0, instance:testcases.TC005_Delete_Employee_Record@4501b7af]" name="checkStatusCode" duration-ms="2" started-at="2019-09-04T19:54:44Z" finished-at="2019-09-04T19:54:44Z">
          <reporter-output>
          </reporter-output>
        </test-method> <!-- checkStatusCode -->
        <test-method status="FAIL" signature="checkcontentEncoding()[pri:0, instance:testcases.TC005_Delete_Employee_Record@4501b7af]" name="checkcontentEncoding" duration-ms="8" started-at="2019-09-04T19:54:44Z" finished-at="2019-09-04T19:54:44Z">
          <exception class="java.lang.AssertionError">
            <message>
              <![CDATA[expected [gzip] but found [null]]]>
            </message>
            <full-stacktrace>
              <![CDATA[java.lang.AssertionError: expected [gzip] but found [null]
	at org.testng.Assert.fail(Assert.java:94)
	at org.testng.Assert.failNotEquals(Assert.java:513)
	at org.testng.Assert.assertEqualsImpl(Assert.java:130)
	at org.testng.Assert.assertEquals(Assert.java:116)
	at org.testng.Assert.assertEquals(Assert.java:190)
	at org.testng.Assert.assertEquals(Assert.java:200)
	at testcases.TC005_Delete_Employee_Record.checkcontentEncoding(TC005_Delete_Employee_Record.java:96)
	at sun.reflect.NativeMethodAccessorImpl.invoke0(Native Method)
	at sun.reflect.NativeMethodAccessorImpl.invoke(Unknown Source)
	at sun.reflect.DelegatingMethodAccessorImpl.invoke(Unknown Source)
	at java.lang.reflect.Method.invoke(Unknown Source)
	at org.testng.internal.MethodInvocationHelper.invokeMethod(MethodInvocationHelper.java:100)
	at org.testng.internal.Invoker.invokeMethod(Invoker.java:646)
	at org.testng.internal.Invoker.invokeTestMethod(Invoker.java:811)
	at org.testng.internal.Invoker.invokeTestMethods(Invoker.java:1137)
	at org.testng.internal.TestMethodWorker.invokeTestMethods(TestMethodWorker.java:129)
	at org.testng.internal.TestMethodWorker.run(TestMethodWorker.java:112)
	at org.testng.TestRunner.privateRun(TestRunner.java:753)
	at org.testng.TestRunner.run(TestRunner.java:607)
	at org.testng.SuiteRunner.runTest(SuiteRunner.java:368)
	at org.testng.SuiteRunner.runSequentially(SuiteRunner.java:363)
	at org.testng.SuiteRunner.privateRun(SuiteRunner.java:321)
	at org.testng.SuiteRunner.run(SuiteRunner.java:270)
	at org.testng.SuiteRunnerWorker.runSuite(SuiteRunnerWorker.java:52)
	at org.testng.SuiteRunnerWorker.run(SuiteRunnerWorker.java:86)
	at org.testng.TestNG.runSuitesSequentially(TestNG.java:1284)
	at org.testng.TestNG.runSuitesLocally(TestNG.java:1209)
	at org.testng.TestNG.runSuites(TestNG.java:1124)
	at org.testng.TestNG.run(TestNG.java:1096)
	at org.testng.remote.AbstractRemoteTestNG.run(AbstractRemoteTestNG.java:132)
	at org.testng.remote.RemoteTestNG.initAndRun(RemoteTestNG.java:236)
	at org.testng.remote.RemoteTestNG.main(RemoteTestNG.java:81)
]]>
            </full-stacktrace>
          </exception> <!-- java.lang.AssertionError -->
          <reporter-output>
          </reporter-output>
        </test-method> <!-- checkcontentEncoding -->
        <test-method status="PASS" signature="checkserverType()[pri:0, instance:testcases.TC005_Delete_Employee_Record@4501b7af]" name="checkserverType" duration-ms="2" started-at="2019-09-04T19:54:44Z" finished-at="2019-09-04T19:54:44Z">
          <reporter-output>
          </reporter-output>
        </test-method> <!-- checkserverType -->
        <test-method status="PASS" signature="checkstatusLine()[pri:0, instance:testcases.TC005_Delete_Employee_Record@4501b7af]" name="checkstatusLine" duration-ms="2" started-at="2019-09-04T19:54:44Z" finished-at="2019-09-04T19:54:44Z">
          <reporter-output>
          </reporter-output>
        </test-method> <!-- checkstatusLine -->
        <test-method status="PASS" signature="tearDown()[pri:0, instance:testcases.TC005_Delete_Employee_Record@4501b7af]" name="tearDown" is-config="true" duration-ms="1" started-at="2019-09-04T19:54:44Z" finished-at="2019-09-04T19:54:44Z">
          <reporter-output>
          </reporter-output>
        </test-method> <!-- tearDown -->
      </class> <!-- testcases.TC005_Delete_Employee_Record -->
    </test> <!-- Default test -->
  </suite> <!-- Default suite -->
</testng-results>
